# JRE version: Java(TM) SE Runtime Environment (7.0_51-b13) (build 1.7.0_51-b13)
# Java VM: Java HotSpot(TM) 64-Bit Server VM (24.51-b03 mixed mode windows-amd64 compressed oops)
Heap
 PSYoungGen      total 661504K, used 27184K [0x00000007d5f00000, 0x0000000800000000, 0x0000000800000000)
  eden space 634880K, 4% used [0x00000007d5f00000,0x00000007d798c040,0x00000007fcb00000)
  from space 26624K, 0% used [0x00000007fe600000,0x00000007fe600000,0x0000000800000000)
  to   space 27136K, 0% used [0x00000007fcb00000,0x00000007fcb00000,0x00000007fe580000)
 ParOldGen       total 145920K, used 85994K [0x0000000781e00000, 0x000000078ac80000, 0x00000007d5f00000)
  object space 145920K, 58% used [0x0000000781e00000,0x00000007871faa48,0x000000078ac80000)
 PSPermGen       total 21504K, used 10544K [0x000000077cc00000, 0x000000077e100000, 0x0000000781e00000)
  object space 21504K, 49% used [0x000000077cc00000,0x000000077d64c088,0x000000077e100000)
GC Heap History (10 events):
Event: 1.639 GC heap before
{Heap before GC invocations=9 (full 0):
 PSYoungGen      total 272384K, used 272378K [0x00000007d5f00000, 0x00000007e8100000, 0x0000000800000000)
  eden space 258560K, 100% used [0x00000007d5f00000,0x00000007e5b80000,0x00000007e5b80000)
  from space 13824K, 99% used [0x00000007e6c80000,0x00000007e79fe870,0x00000007e7a00000)
  to   space 17408K, 0% used [0x00000007e5b80000,0x00000007e5b80000,0x00000007e6c80000)
 ParOldGen       total 86016K, used 19916K [0x0000000781e00000, 0x0000000787200000, 0x00000007d5f00000)
  object space 86016K, 23% used [0x0000000781e00000,0x0000000783173008,0x0000000787200000)
 PSPermGen       total 21504K, used 10522K [0x000000077cc00000, 0x000000077e100000, 0x0000000781e00000)
  object space 21504K, 48% used [0x000000077cc00000,0x000000077d646b48,0x000000077e100000)
Event: 1.653 GC heap after
Heap after GC invocations=9 (full 0):
 PSYoungGen      total 275968K, used 17390K [0x00000007d5f00000, 0x00000007f2100000, 0x0000000800000000)
  eden space 258560K, 0% used [0x00000007d5f00000,0x00000007d5f00000,0x00000007e5b80000)
  from space 17408K, 99% used [0x00000007e5b80000,0x00000007e6c7bba0,0x00000007e6c80000)
  to   space 23552K, 0% used [0x00000007f0a00000,0x00000007f0a00000,0x00000007f2100000)
 ParOldGen       total 86016K, used 28590K [0x0000000781e00000, 0x0000000787200000, 0x00000007d5f00000)
  object space 86016K, 33% used [0x0000000781e00000,0x00000007839eb9b8,0x0000000787200000)
 PSPermGen       total 21504K, used 10522K [0x000000077cc00000, 0x000000077e100000, 0x0000000781e00000)
  object space 21504K, 48% used [0x000000077cc00000,0x000000077d646b48,0x000000077e100000)
}
Event: 1.750 GC heap before
{Heap before GC invocations=10 (full 0):
 PSYoungGen      total 275968K, used 275950K [0x00000007d5f00000, 0x00000007f2100000, 0x0000000800000000)
  eden space 258560K, 100% used [0x00000007d5f00000,0x00000007e5b80000,0x00000007e5b80000)
  from space 17408K, 99% used [0x00000007e5b80000,0x00000007e6c7bba0,0x00000007e6c80000)
  to   space 23552K, 0% used [0x00000007f0a00000,0x00000007f0a00000,0x00000007f2100000)
 ParOldGen       total 86016K, used 28699K [0x0000000781e00000, 0x0000000787200000, 0x00000007d5f00000)
  object space 86016K, 33% used [0x0000000781e00000,0x0000000783a06f20,0x0000000787200000)
 PSPermGen       total 21504K, used 10531K [0x000000077cc00000, 0x000000077e100000, 0x0000000781e00000)
  object space 21504K, 48% used [0x000000077cc00000,0x000000077d648da0,0x000000077e100000)
Event: 1.763 GC heap after
Heap after GC invocations=10 (full 0):
 PSYoungGen      total 435200K, used 20591K [0x00000007d5f00000, 0x00000007f2500000, 0x0000000800000000)
  eden space 411648K, 0% used [0x00000007d5f00000,0x00000007d5f00000,0x00000007ef100000)
  from space 23552K, 87% used [0x00000007f0a00000,0x00000007f1e1bd30,0x00000007f2100000)
  to   space 25600K, 0% used [0x00000007ef100000,0x00000007ef100000,0x00000007f0a00000)
 ParOldGen       total 86016K, used 37499K [0x0000000781e00000, 0x0000000787200000, 0x00000007d5f00000)
  object space 86016K, 43% used [0x0000000781e00000,0x000000078429eda0,0x0000000787200000)
 PSPermGen       total 21504K, used 10531K [0x000000077cc00000, 0x000000077e100000, 0x0000000781e00000)
  object space 21504K, 48% used [0x000000077cc00000,0x000000077d648da0,0x000000077e100000)
}
Event: 1.947 GC heap before
{Heap before GC invocations=11 (full 0):
 PSYoungGen      total 435200K, used 432239K [0x00000007d5f00000, 0x00000007f2500000, 0x0000000800000000)
  eden space 411648K, 100% used [0x00000007d5f00000,0x00000007ef100000,0x00000007ef100000)
  from space 23552K, 87% used [0x00000007f0a00000,0x00000007f1e1bd30,0x00000007f2100000)
  to   space 25600K, 0% used [0x00000007ef100000,0x00000007ef100000,0x00000007f0a00000)
 ParOldGen       total 86016K, used 37505K [0x0000000781e00000, 0x0000000787200000, 0x00000007d5f00000)
  object space 86016K, 43% used [0x0000000781e00000,0x00000007842a0598,0x0000000787200000)
 PSPermGen       total 21504K, used 10538K [0x000000077cc00000, 0x000000077e100000, 0x0000000781e00000)
  object space 21504K, 49% used [0x000000077cc00000,0x000000077d64a9b0,0x000000077e100000)
Event: 1.961 GC heap after
Heap after GC invocations=11 (full 0):
 PSYoungGen      total 437248K, used 18223K [0x00000007d5f00000, 0x0000000800000000, 0x0000000800000000)
  eden space 411648K, 0% used [0x00000007d5f00000,0x00000007d5f00000,0x00000007ef100000)
  from space 25600K, 71% used [0x00000007ef100000,0x00000007f02cbd30,0x00000007f0a00000)
  to   space 26624K, 0% used [0x00000007fe600000,0x00000007fe600000,0x0000000800000000)
 ParOldGen       total 86016K, used 59192K [0x0000000781e00000, 0x0000000787200000, 0x00000007d5f00000)
  object space 86016K, 68% used [0x0000000781e00000,0x00000007857ce2c8,0x0000000787200000)
 PSPermGen       total 21504K, used 10538K [0x000000077cc00000, 0x000000077e100000, 0x0000000781e00000)
  object space 21504K, 49% used [0x000000077cc00000,0x000000077d64a9b0,0x000000077e100000)
}
Event: 2.118 GC heap before
{Heap before GC invocations=12 (full 0):
 PSYoungGen      total 437248K, used 429871K [0x00000007d5f00000, 0x0000000800000000, 0x0000000800000000)
  eden space 411648K, 100% used [0x00000007d5f00000,0x00000007ef100000,0x00000007ef100000)
  from space 25600K, 71% used [0x00000007ef100000,0x00000007f02cbd30,0x00000007f0a00000)
  to   space 26624K, 0% used [0x00000007fe600000,0x00000007fe600000,0x0000000800000000)
 ParOldGen       total 86016K, used 59195K [0x0000000781e00000, 0x0000000787200000, 0x00000007d5f00000)
  object space 86016K, 68% used [0x0000000781e00000,0x00000007857ceed0,0x0000000787200000)
 PSPermGen       total 21504K, used 10546K [0x000000077cc00000, 0x000000077e100000, 0x0000000781e00000)
  object space 21504K, 49% used [0x000000077cc00000,0x000000077d64cb78,0x000000077e100000)
Event: 2.133 GC heap after
Heap after GC invocations=12 (full 0):
 PSYoungGen      total 661504K, used 16794K [0x00000007d5f00000, 0x0000000800000000, 0x0000000800000000)
  eden space 634880K, 0% used [0x00000007d5f00000,0x00000007d5f00000,0x00000007fcb00000)
  from space 26624K, 63% used [0x00000007fe600000,0x00000007ff666850,0x0000000800000000)
  to   space 27136K, 0% used [0x00000007fcb00000,0x00000007fcb00000,0x00000007fe580000)
 ParOldGen       total 86016K, used 78261K [0x0000000781e00000, 0x0000000787200000, 0x00000007d5f00000)
  object space 86016K, 90% used [0x0000000781e00000,0x0000000786a6d700,0x0000000787200000)
 PSPermGen       total 21504K, used 10546K [0x000000077cc00000, 0x000000077e100000, 0x0000000781e00000)
  object space 21504K, 49% used [0x000000077cc00000,0x000000077d64cb78,0x000000077e100000)
}
Event: 2.133 GC heap before
{Heap before GC invocations=13 (full 1):
 PSYoungGen      total 661504K, used 16794K [0x00000007d5f00000, 0x0000000800000000, 0x0000000800000000)
  eden space 634880K, 0% used [0x00000007d5f00000,0x00000007d5f00000,0x00000007fcb00000)
  from space 26624K, 63% used [0x00000007fe600000,0x00000007ff666850,0x0000000800000000)
  to   space 27136K, 0% used [0x00000007fcb00000,0x00000007fcb00000,0x00000007fe580000)
 ParOldGen       total 86016K, used 78261K [0x0000000781e00000, 0x0000000787200000, 0x00000007d5f00000)
  object space 86016K, 90% used [0x0000000781e00000,0x0000000786a6d700,0x0000000787200000)
 PSPermGen       total 21504K, used 10546K [0x000000077cc00000, 0x000000077e100000, 0x0000000781e00000)
  object space 21504K, 49% used [0x000000077cc00000,0x000000077d64cb78,0x000000077e100000)
Event: 2.177 GC heap after
Heap after GC invocations=13 (full 1):
 PSYoungGen      total 661504K, used 0K [0x00000007d5f00000, 0x0000000800000000, 0x0000000800000000)
  eden space 634880K, 0% used [0x00000007d5f00000,0x00000007d5f00000,0x00000007fcb00000)
  from space 26624K, 0% used [0x00000007fe600000,0x00000007fe600000,0x0000000800000000)
  to   space 27136K, 0% used [0x00000007fcb00000,0x00000007fcb00000,0x00000007fe580000)
 ParOldGen       total 145920K, used 85994K [0x0000000781e00000, 0x000000078ac80000, 0x00000007d5f00000)
  object space 145920K, 58% used [0x0000000781e00000,0x00000007871faa48,0x000000078ac80000)
 PSPermGen       total 21504K, used 10544K [0x000000077cc00000, 0x000000077e100000, 0x0000000781e00000)
  object space 21504K, 49% used [0x000000077cc00000,0x000000077d64c088,0x000000077e100000)
}

