# JRE version: Java(TM) SE Runtime Environment (7.0_51-b13) (build 1.7.0_51-b13)
# Java VM: Java HotSpot(TM) 64-Bit Server VM (24.51-b03 mixed mode windows-amd64 compressed oops)
Heap
 PSYoungGen      total 37888K, used 7251K [0x00000007d5f00000, 0x00000007d8900000, 0x0000000800000000)
  eden space 32768K, 6% used [0x00000007d5f00000,0x00000007d61155c0,0x00000007d7f00000)
  from space 5120K, 99% used [0x00000007d7f00000,0x00000007d83ffa08,0x00000007d8400000)
  to   space 5120K, 0% used [0x00000007d8400000,0x00000007d8400000,0x00000007d8900000)
 ParOldGen       total 86016K, used 22582K [0x0000000781e00000, 0x0000000787200000, 0x00000007d5f00000)
  object space 86016K, 26% used [0x0000000781e00000,0x000000078340da30,0x0000000787200000)
 PSPermGen       total 21504K, used 10879K [0x000000077cc00000, 0x000000077e100000, 0x0000000781e00000)
  object space 21504K, 50% used [0x000000077cc00000,0x000000077d69feb0,0x000000077e100000)
GC Heap History (6 events):
Event: 1.284 GC heap before
{Heap before GC invocations=1 (full 0):
 PSYoungGen      total 37888K, used 32768K [0x00000007d5f00000, 0x00000007d8900000, 0x0000000800000000)
  eden space 32768K, 100% used [0x00000007d5f00000,0x00000007d7f00000,0x00000007d7f00000)
  from space 5120K, 0% used [0x00000007d8400000,0x00000007d8400000,0x00000007d8900000)
  to   space 5120K, 0% used [0x00000007d7f00000,0x00000007d7f00000,0x00000007d8400000)
 ParOldGen       total 86016K, used 0K [0x0000000781e00000, 0x0000000787200000, 0x00000007d5f00000)
  object space 86016K, 0% used [0x0000000781e00000,0x0000000781e00000,0x0000000787200000)
 PSPermGen       total 21504K, used 10552K [0x000000077cc00000, 0x000000077e100000, 0x0000000781e00000)
  object space 21504K, 49% used [0x000000077cc00000,0x000000077d64e060,0x000000077e100000)
Event: 1.291 GC heap after
Heap after GC invocations=1 (full 0):
 PSYoungGen      total 37888K, used 5105K [0x00000007d5f00000, 0x00000007d8900000, 0x0000000800000000)
  eden space 32768K, 0% used [0x00000007d5f00000,0x00000007d5f00000,0x00000007d7f00000)
  from space 5120K, 99% used [0x00000007d7f00000,0x00000007d83fc4a8,0x00000007d8400000)
  to   space 5120K, 0% used [0x00000007d8400000,0x00000007d8400000,0x00000007d8900000)
 ParOldGen       total 86016K, used 10639K [0x0000000781e00000, 0x0000000787200000, 0x00000007d5f00000)
  object space 86016K, 12% used [0x0000000781e00000,0x0000000782863de8,0x0000000787200000)
 PSPermGen       total 21504K, used 10552K [0x000000077cc00000, 0x000000077e100000, 0x0000000781e00000)
  object space 21504K, 49% used [0x000000077cc00000,0x000000077d64e060,0x000000077e100000)
}
Event: 4.099 GC heap before
{Heap before GC invocations=2 (full 0):
 PSYoungGen      total 37888K, used 37873K [0x00000007d5f00000, 0x00000007d8900000, 0x0000000800000000)
  eden space 32768K, 100% used [0x00000007d5f00000,0x00000007d7f00000,0x00000007d7f00000)
  from space 5120K, 99% used [0x00000007d7f00000,0x00000007d83fc4a8,0x00000007d8400000)
  to   space 5120K, 0% used [0x00000007d8400000,0x00000007d8400000,0x00000007d8900000)
 ParOldGen       total 86016K, used 10639K [0x0000000781e00000, 0x0000000787200000, 0x00000007d5f00000)
  object space 86016K, 12% used [0x0000000781e00000,0x0000000782863de8,0x0000000787200000)
 PSPermGen       total 21504K, used 10852K [0x000000077cc00000, 0x000000077e100000, 0x0000000781e00000)
  object space 21504K, 50% used [0x000000077cc00000,0x000000077d699028,0x000000077e100000)
Event: 4.103 GC heap after
Heap after GC invocations=2 (full 0):
 PSYoungGen      total 37888K, used 5116K [0x00000007d5f00000, 0x00000007d8900000, 0x0000000800000000)
  eden space 32768K, 0% used [0x00000007d5f00000,0x00000007d5f00000,0x00000007d7f00000)
  from space 5120K, 99% used [0x00000007d8400000,0x00000007d88ff038,0x00000007d8900000)
  to   space 5120K, 0% used [0x00000007d7f00000,0x00000007d7f00000,0x00000007d8400000)
 ParOldGen       total 86016K, used 16786K [0x0000000781e00000, 0x0000000787200000, 0x00000007d5f00000)
  object space 86016K, 19% used [0x0000000781e00000,0x0000000782e64b80,0x0000000787200000)
 PSPermGen       total 21504K, used 10852K [0x000000077cc00000, 0x000000077e100000, 0x0000000781e00000)
  object space 21504K, 50% used [0x000000077cc00000,0x000000077d699028,0x000000077e100000)
}
Event: 6.990 GC heap before
{Heap before GC invocations=3 (full 0):
 PSYoungGen      total 37888K, used 37884K [0x00000007d5f00000, 0x00000007d8900000, 0x0000000800000000)
  eden space 32768K, 100% used [0x00000007d5f00000,0x00000007d7f00000,0x00000007d7f00000)
  from space 5120K, 99% used [0x00000007d8400000,0x00000007d88ff038,0x00000007d8900000)
  to   space 5120K, 0% used [0x00000007d7f00000,0x00000007d7f00000,0x00000007d8400000)
 ParOldGen       total 86016K, used 16786K [0x0000000781e00000, 0x0000000787200000, 0x00000007d5f00000)
  object space 86016K, 19% used [0x0000000781e00000,0x0000000782e64b80,0x0000000787200000)
 PSPermGen       total 21504K, used 10879K [0x000000077cc00000, 0x000000077e100000, 0x0000000781e00000)
  object space 21504K, 50% used [0x000000077cc00000,0x000000077d69feb0,0x000000077e100000)
Event: 6.993 GC heap after
Heap after GC invocations=3 (full 0):
 PSYoungGen      total 37888K, used 5118K [0x00000007d5f00000, 0x00000007d8900000, 0x0000000800000000)
  eden space 32768K, 0% used [0x00000007d5f00000,0x00000007d5f00000,0x00000007d7f00000)
  from space 5120K, 99% used [0x00000007d7f00000,0x00000007d83ffa08,0x00000007d8400000)
  to   space 5120K, 0% used [0x00000007d8400000,0x00000007d8400000,0x00000007d8900000)
 ParOldGen       total 86016K, used 22582K [0x0000000781e00000, 0x0000000787200000, 0x00000007d5f00000)
  object space 86016K, 26% used [0x0000000781e00000,0x000000078340da30,0x0000000787200000)
 PSPermGen       total 21504K, used 10879K [0x000000077cc00000, 0x000000077e100000, 0x0000000781e00000)
  object space 21504K, 50% used [0x000000077cc00000,0x000000077d69feb0,0x000000077e100000)
}

