# JRE version: Java(TM) SE Runtime Environment (7.0_51-b13) (build 1.7.0_51-b13)
# Java VM: Java HotSpot(TM) 64-Bit Server VM (24.51-b03 mixed mode windows-amd64 compressed oops)
Heap
 PSYoungGen      total 37376K, used 4564K [0x00000007d5f00000, 0x00000007d9c80000, 0x0000000800000000)
  eden space 32256K, 5% used [0x00000007d5f00000,0x00000007d60b9370,0x00000007d7e80000)
  from space 5120K, 54% used [0x00000007d7f00000,0x00000007d81bbf70,0x00000007d8400000)
  to   space 15360K, 0% used [0x00000007d8d80000,0x00000007d8d80000,0x00000007d9c80000)
 ParOldGen       total 86016K, used 10516K [0x0000000781e00000, 0x0000000787200000, 0x00000007d5f00000)
  object space 86016K, 12% used [0x0000000781e00000,0x00000007828450f0,0x0000000787200000)
 PSPermGen       total 21504K, used 10945K [0x000000077cc00000, 0x000000077e100000, 0x0000000781e00000)
  object space 21504K, 50% used [0x000000077cc00000,0x000000077d6b04b8,0x000000077e100000)
GC Heap History (10 events):
Event: 1.294 GC heap before
{Heap before GC invocations=1 (full 0):
 PSYoungGen      total 37888K, used 32768K [0x00000007d5f00000, 0x00000007d8900000, 0x0000000800000000)
  eden space 32768K, 100% used [0x00000007d5f00000,0x00000007d7f00000,0x00000007d7f00000)
  from space 5120K, 0% used [0x00000007d8400000,0x00000007d8400000,0x00000007d8900000)
  to   space 5120K, 0% used [0x00000007d7f00000,0x00000007d7f00000,0x00000007d8400000)
 ParOldGen       total 86016K, used 9K [0x0000000781e00000, 0x0000000787200000, 0x00000007d5f00000)
  object space 86016K, 0% used [0x0000000781e00000,0x0000000781e02648,0x0000000787200000)
 PSPermGen       total 21504K, used 10550K [0x000000077cc00000, 0x000000077e100000, 0x0000000781e00000)
  object space 21504K, 49% used [0x000000077cc00000,0x000000077d64dab0,0x000000077e100000)
Event: 1.300 GC heap after
Heap after GC invocations=1 (full 0):
 PSYoungGen      total 37888K, used 5106K [0x00000007d5f00000, 0x00000007d8900000, 0x0000000800000000)
  eden space 32768K, 0% used [0x00000007d5f00000,0x00000007d5f00000,0x00000007d7f00000)
  from space 5120K, 99% used [0x00000007d7f00000,0x00000007d83fc8a0,0x00000007d8400000)
  to   space 5120K, 0% used [0x00000007d8400000,0x00000007d8400000,0x00000007d8900000)
 ParOldGen       total 86016K, used 10488K [0x0000000781e00000, 0x0000000787200000, 0x00000007d5f00000)
  object space 86016K, 12% used [0x0000000781e00000,0x000000078283e1e8,0x0000000787200000)
 PSPermGen       total 21504K, used 10550K [0x000000077cc00000, 0x000000077e100000, 0x0000000781e00000)
  object space 21504K, 49% used [0x000000077cc00000,0x000000077d64dab0,0x000000077e100000)
}
Event: 3.687 GC heap before
{Heap before GC invocations=2 (full 0):
 PSYoungGen      total 37888K, used 37874K [0x00000007d5f00000, 0x00000007d8900000, 0x0000000800000000)
  eden space 32768K, 100% used [0x00000007d5f00000,0x00000007d7f00000,0x00000007d7f00000)
  from space 5120K, 99% used [0x00000007d7f00000,0x00000007d83fc8a0,0x00000007d8400000)
  to   space 5120K, 0% used [0x00000007d8400000,0x00000007d8400000,0x00000007d8900000)
 ParOldGen       total 86016K, used 10492K [0x0000000781e00000, 0x0000000787200000, 0x00000007d5f00000)
  object space 86016K, 12% used [0x0000000781e00000,0x000000078283f0f0,0x0000000787200000)
 PSPermGen       total 21504K, used 10890K [0x000000077cc00000, 0x000000077e100000, 0x0000000781e00000)
  object space 21504K, 50% used [0x000000077cc00000,0x000000077d6a2b10,0x000000077e100000)
Event: 3.690 GC heap after
Heap after GC invocations=2 (full 0):
 PSYoungGen      total 37888K, used 2955K [0x00000007d5f00000, 0x00000007d8900000, 0x0000000800000000)
  eden space 32768K, 0% used [0x00000007d5f00000,0x00000007d5f00000,0x00000007d7f00000)
  from space 5120K, 57% used [0x00000007d8400000,0x00000007d86e2f68,0x00000007d8900000)
  to   space 5120K, 0% used [0x00000007d7f00000,0x00000007d7f00000,0x00000007d8400000)
 ParOldGen       total 86016K, used 10500K [0x0000000781e00000, 0x0000000787200000, 0x00000007d5f00000)
  object space 86016K, 12% used [0x0000000781e00000,0x00000007828410f0,0x0000000787200000)
 PSPermGen       total 21504K, used 10890K [0x000000077cc00000, 0x000000077e100000, 0x0000000781e00000)
  object space 21504K, 50% used [0x000000077cc00000,0x000000077d6a2b10,0x000000077e100000)
}
Event: 6.520 GC heap before
{Heap before GC invocations=3 (full 0):
 PSYoungGen      total 37888K, used 35723K [0x00000007d5f00000, 0x00000007d8900000, 0x0000000800000000)
  eden space 32768K, 100% used [0x00000007d5f00000,0x00000007d7f00000,0x00000007d7f00000)
  from space 5120K, 57% used [0x00000007d8400000,0x00000007d86e2f68,0x00000007d8900000)
  to   space 5120K, 0% used [0x00000007d7f00000,0x00000007d7f00000,0x00000007d8400000)
 ParOldGen       total 86016K, used 10500K [0x0000000781e00000, 0x0000000787200000, 0x00000007d5f00000)
  object space 86016K, 12% used [0x0000000781e00000,0x00000007828410f0,0x0000000787200000)
 PSPermGen       total 21504K, used 10921K [0x000000077cc00000, 0x000000077e100000, 0x0000000781e00000)
  object space 21504K, 50% used [0x000000077cc00000,0x000000077d6aa468,0x000000077e100000)
Event: 6.523 GC heap after
Heap after GC invocations=3 (full 0):
 PSYoungGen      total 37888K, used 2737K [0x00000007d5f00000, 0x00000007d8900000, 0x0000000800000000)
  eden space 32768K, 0% used [0x00000007d5f00000,0x00000007d5f00000,0x00000007d7f00000)
  from space 5120K, 53% used [0x00000007d7f00000,0x00000007d81ac6b0,0x00000007d8400000)
  to   space 5120K, 0% used [0x00000007d8400000,0x00000007d8400000,0x00000007d8900000)
 ParOldGen       total 86016K, used 10508K [0x0000000781e00000, 0x0000000787200000, 0x00000007d5f00000)
  object space 86016K, 12% used [0x0000000781e00000,0x00000007828430f0,0x0000000787200000)
 PSPermGen       total 21504K, used 10921K [0x000000077cc00000, 0x000000077e100000, 0x0000000781e00000)
  object space 21504K, 50% used [0x000000077cc00000,0x000000077d6aa468,0x000000077e100000)
}
Event: 9.205 GC heap before
{Heap before GC invocations=4 (full 0):
 PSYoungGen      total 37888K, used 35505K [0x00000007d5f00000, 0x00000007d8900000, 0x0000000800000000)
  eden space 32768K, 100% used [0x00000007d5f00000,0x00000007d7f00000,0x00000007d7f00000)
  from space 5120K, 53% used [0x00000007d7f00000,0x00000007d81ac6b0,0x00000007d8400000)
  to   space 5120K, 0% used [0x00000007d8400000,0x00000007d8400000,0x00000007d8900000)
 ParOldGen       total 86016K, used 10508K [0x0000000781e00000, 0x0000000787200000, 0x00000007d5f00000)
  object space 86016K, 12% used [0x0000000781e00000,0x00000007828430f0,0x0000000787200000)
 PSPermGen       total 21504K, used 10925K [0x000000077cc00000, 0x000000077e100000, 0x0000000781e00000)
  object space 21504K, 50% used [0x000000077cc00000,0x000000077d6ab680,0x000000077e100000)
Event: 9.208 GC heap after
Heap after GC invocations=4 (full 0):
 PSYoungGen      total 37888K, used 2861K [0x00000007d5f00000, 0x00000007d8900000, 0x0000000800000000)
  eden space 32768K, 0% used [0x00000007d5f00000,0x00000007d5f00000,0x00000007d7f00000)
  from space 5120K, 55% used [0x00000007d8400000,0x00000007d86cb6f0,0x00000007d8900000)
  to   space 5120K, 0% used [0x00000007d7f00000,0x00000007d7f00000,0x00000007d8400000)
 ParOldGen       total 86016K, used 10516K [0x0000000781e00000, 0x0000000787200000, 0x00000007d5f00000)
  object space 86016K, 12% used [0x0000000781e00000,0x00000007828450f0,0x0000000787200000)
 PSPermGen       total 21504K, used 10925K [0x000000077cc00000, 0x000000077e100000, 0x0000000781e00000)
  object space 21504K, 50% used [0x000000077cc00000,0x000000077d6ab680,0x000000077e100000)
}
Event: 11.973 GC heap before
{Heap before GC invocations=5 (full 0):
 PSYoungGen      total 37888K, used 35629K [0x00000007d5f00000, 0x00000007d8900000, 0x0000000800000000)
  eden space 32768K, 100% used [0x00000007d5f00000,0x00000007d7f00000,0x00000007d7f00000)
  from space 5120K, 55% used [0x00000007d8400000,0x00000007d86cb6f0,0x00000007d8900000)
  to   space 5120K, 0% used [0x00000007d7f00000,0x00000007d7f00000,0x00000007d8400000)
 ParOldGen       total 86016K, used 10516K [0x0000000781e00000, 0x0000000787200000, 0x00000007d5f00000)
  object space 86016K, 12% used [0x0000000781e00000,0x00000007828450f0,0x0000000787200000)
 PSPermGen       total 21504K, used 10944K [0x000000077cc00000, 0x000000077e100000, 0x0000000781e00000)
  object space 21504K, 50% used [0x000000077cc00000,0x000000077d6b0330,0x000000077e100000)
Event: 11.975 GC heap after
Heap after GC invocations=5 (full 0):
 PSYoungGen      total 37376K, used 2799K [0x00000007d5f00000, 0x00000007d9c80000, 0x0000000800000000)
  eden space 32256K, 0% used [0x00000007d5f00000,0x00000007d5f00000,0x00000007d7e80000)
  from space 5120K, 54% used [0x00000007d7f00000,0x00000007d81bbf70,0x00000007d8400000)
  to   space 15360K, 0% used [0x00000007d8d80000,0x00000007d8d80000,0x00000007d9c80000)
 ParOldGen       total 86016K, used 10516K [0x0000000781e00000, 0x0000000787200000, 0x00000007d5f00000)
  object space 86016K, 12% used [0x0000000781e00000,0x00000007828450f0,0x0000000787200000)
 PSPermGen       total 21504K, used 10944K [0x000000077cc00000, 0x000000077e100000, 0x0000000781e00000)
  object space 21504K, 50% used [0x000000077cc00000,0x000000077d6b0330,0x000000077e100000)
}

